Flow report for firfilter
Sun Apr 08 11:21:33 2018
Quartus II 64-Bit Version 13.0.1 Build 232 06/12/2013 Service Pack 1 SJ Web Edition


---------------------
; Table of Contents ;
---------------------
  1. Legal Notice
  2. Flow Summary
  3. Flow Settings
  4. Flow Non-Default Global Settings
  5. Flow Elapsed Time
  6. Flow OS Summary
  7. Flow Log
  8. Flow Messages
  9. Flow Suppressed Messages



----------------
; Legal Notice ;
----------------
Copyright (C) 1991-2013 Altera Corporation
Your use of Altera Corporation's design tools, logic functions 
and other software and tools, and its AMPP partner logic 
functions, and any output files from any of the foregoing 
(including device programming or simulation files), and any 
associated documentation or information are expressly subject 
to the terms and conditions of the Altera Program License 
Subscription Agreement, Altera MegaCore Function License 
Agreement, or other applicable license agreement, including, 
without limitation, that your use is for the sole purpose of 
programming logic devices manufactured by Altera and sold by 
Altera or its authorized distributors.  Please refer to the 
applicable agreement for further details.



+--------------------------------------------------------------------------------------+
; Flow Summary                                                                         ;
+------------------------------------+-------------------------------------------------+
; Flow Status                        ; Successful - Sun Apr 08 11:21:33 2018           ;
; Quartus II 64-Bit Version          ; 13.0.1 Build 232 06/12/2013 SP 1 SJ Web Edition ;
; Revision Name                      ; firfilter                                       ;
; Top-level Entity Name              ; firfilter                                       ;
; Family                             ; Cyclone II                                      ;
; Device                             ; EP2C20F484C7                                    ;
; Timing Models                      ; Final                                           ;
; Total logic elements               ; 36 / 18,752 ( < 1 % )                           ;
;     Total combinational functions  ; 4 / 18,752 ( < 1 % )                            ;
;     Dedicated logic registers      ; 34 / 18,752 ( < 1 % )                           ;
; Total registers                    ; 34                                              ;
; Total pins                         ; 54 / 315 ( 17 % )                               ;
; Total virtual pins                 ; 0                                               ;
; Total memory bits                  ; 0 / 239,616 ( 0 % )                             ;
; Embedded Multiplier 9-bit elements ; 0 / 52 ( 0 % )                                  ;
; Total PLLs                         ; 0 / 4 ( 0 % )                                   ;
+------------------------------------+-------------------------------------------------+


+-----------------------------------------+
; Flow Settings                           ;
+-------------------+---------------------+
; Option            ; Setting             ;
+-------------------+---------------------+
; Start date & time ; 11/21/2015 22:48:25 ;
; Main task         ; Compilation         ;
; Revision Name     ; firfilter           ;
+-------------------+---------------------+


+--------------------------------------------------------------------------------------------------------------------------------+
; Flow Non-Default Global Settings                                                                                               ;
+--------------------------------------+---------------------------------------+---------------+-------------+-------------------+
; Assignment Name                      ; Value                                 ; Default Value ; Entity Name ; Section Id        ;
+--------------------------------------+---------------------------------------+---------------+-------------+-------------------+
; COMPILER_SIGNATURE_ID                ; 260148120867978.144814610420228       ; --            ; --          ; --                ;
; EDA_DESIGN_INSTANCE_NAME             ; NA                                    ; --            ; --          ; firfilter_vhd_tst ;
; EDA_NATIVELINK_SIMULATION_TEST_BENCH ; firfilter_vhd_tst                     ; --            ; --          ; eda_simulation    ;
; EDA_OUTPUT_DATA_FORMAT               ; Vhdl                                  ; --            ; --          ; eda_simulation    ;
; EDA_SIMULATION_TOOL                  ; ModelSim-Altera (VHDL)                ; <None>        ; --          ; --                ;
; EDA_TEST_BENCH_ENABLE_STATUS         ; TEST_BENCH_MODE                       ; --            ; --          ; eda_simulation    ;
; EDA_TEST_BENCH_FILE                  ; simulation/modelsim/firfilter.vht     ; --            ; --          ; firfilter_vhd_tst ;
; EDA_TEST_BENCH_MODULE_NAME           ; firfilter_vhd_tst                     ; --            ; --          ; firfilter_vhd_tst ;
; EDA_TEST_BENCH_NAME                  ; firfilter_vhd_tst                     ; --            ; --          ; eda_simulation    ;
; MAX_CORE_JUNCTION_TEMP               ; 85                                    ; --            ; --          ; --                ;
; MIN_CORE_JUNCTION_TEMP               ; 0                                     ; --            ; --          ; --                ;
; PARTITION_COLOR                      ; 16764057                              ; --            ; --          ; Top               ;
; PARTITION_FITTER_PRESERVATION_LEVEL  ; PLACEMENT_AND_ROUTING                 ; --            ; --          ; Top               ;
; PARTITION_NETLIST_TYPE               ; SOURCE                                ; --            ; --          ; Top               ;
; POWER_BOARD_THERMAL_MODEL            ; None (CONSERVATIVE)                   ; --            ; --          ; --                ;
; POWER_PRESET_COOLING_SOLUTION        ; 23 MM HEAT SINK WITH 200 LFPM AIRFLOW ; --            ; --          ; --                ;
; PROJECT_OUTPUT_DIRECTORY             ; output_files                          ; --            ; --          ; --                ;
+--------------------------------------+---------------------------------------+---------------+-------------+-------------------+


+-------------------------------------------------------------------------------------------------------------------------------+
; Flow Elapsed Time                                                                                                             ;
+---------------------------+--------------+-------------------------+---------------------+------------------------------------+
; Module Name               ; Elapsed Time ; Average Processors Used ; Peak Virtual Memory ; Total CPU Time (on all processors) ;
+---------------------------+--------------+-------------------------+---------------------+------------------------------------+
; Analysis & Synthesis      ; 00:00:07     ; 1.0                     ; 529 MB              ; 00:00:07                           ;
; Fitter                    ; 00:00:26     ; 1.5                     ; 878 MB              ; 00:00:29                           ;
; Assembler                 ; 00:00:07     ; 1.0                     ; 445 MB              ; 00:00:06                           ;
; TimeQuest Timing Analyzer ; 00:00:05     ; 1.0                     ; 483 MB              ; 00:00:05                           ;
; EDA Netlist Writer        ; 00:00:02     ; 1.0                     ; 410 MB              ; 00:00:02                           ;
; TimeQuest Timing Analyzer ; 00:00:01     ; 1.0                     ; 460 MB              ; 00:00:01                           ;
; EDA Netlist Writer        ; 00:00:00     ; 1.0                     ; 443 MB              ; 00:00:01                           ;
; Total                     ; 00:00:48     ; --                      ; --                  ; 00:00:51                           ;
+---------------------------+--------------+-------------------------+---------------------+------------------------------------+


+----------------------------------------------------------------------------------------+
; Flow OS Summary                                                                        ;
+---------------------------+------------------+-----------+------------+----------------+
; Module Name               ; Machine Hostname ; OS Name   ; OS Version ; Processor type ;
+---------------------------+------------------+-----------+------------+----------------+
; Analysis & Synthesis      ; Eng-Ahmed        ; Windows 7 ; 6.2        ; x86_64         ;
; Fitter                    ; Eng-Ahmed        ; Windows 7 ; 6.2        ; x86_64         ;
; Assembler                 ; Eng-Ahmed        ; Windows 7 ; 6.2        ; x86_64         ;
; TimeQuest Timing Analyzer ; Eng-Ahmed        ; Windows 7 ; 6.2        ; x86_64         ;
; EDA Netlist Writer        ; Eng-Ahmed        ; Windows 7 ; 6.2        ; x86_64         ;
; TimeQuest Timing Analyzer ; Ahmed-Envy       ; Windows 7 ; 6.2        ; x86_64         ;
; EDA Netlist Writer        ; Ahmed-Envy       ; Windows 7 ; 6.2        ; x86_64         ;
+---------------------------+------------------+-----------+------------+----------------+


------------
; Flow Log ;
------------
quartus_map --read_settings_files=on --write_settings_files=off firfilter -c firfilter
quartus_fit --read_settings_files=off --write_settings_files=off firfilter -c firfilter
quartus_asm --read_settings_files=off --write_settings_files=off firfilter -c firfilter
quartus_sta firfilter -c firfilter
quartus_eda --read_settings_files=off --write_settings_files=off firfilter -c firfilter
quartus_sta firfilter -c firfilter
quartus_eda --read_settings_files=on --write_settings_files=off firfilter -c firfilter --gen_testbench



